<?xml version="1.0" encoding="UTF-8"?>
<testng-results ignored="0" total="1" passed="1" failed="0" skipped="0">
  <reporter-output>
  </reporter-output>
  <suite started-at="2023-07-06T15:56:32 IST" name="Default suite" finished-at="2023-07-06T15:56:41 IST" duration-ms="9100">
    <groups>
    </groups>
    <test started-at="2023-07-06T15:56:32 IST" name="Default test" finished-at="2023-07-06T15:56:41 IST" duration-ms="9100">
      <class name="login.TC_01_Test">
        <test-method is-config="true" signature="launchingBrowser()[pri:0, instance:login.TC_01_Test@4d0f2471]" started-at="2023-07-06T15:56:32 IST" name="launchingBrowser" finished-at="2023-07-06T15:56:39 IST" duration-ms="7194" status="PASS">
          <reporter-output>
          </reporter-output>
        </test-method> <!-- launchingBrowser -->
        <test-method signature="tc()[pri:0, instance:login.TC_01_Test@4d0f2471]" started-at="2023-07-06T15:56:39 IST" name="tc" finished-at="2023-07-06T15:56:41 IST" duration-ms="1575" status="PASS">
          <reporter-output>
          </reporter-output>
        </test-method> <!-- tc -->
        <test-method is-config="true" signature="tearDownTheBrowser()[pri:0, instance:login.TC_01_Test@4d0f2471]" started-at="2023-07-06T15:56:41 IST" name="tearDownTheBrowser" finished-at="2023-07-06T15:56:41 IST" duration-ms="271" status="PASS">
          <reporter-output>
          </reporter-output>
        </test-method> <!-- tearDownTheBrowser -->
      </class> <!-- login.TC_01_Test -->
    </test> <!-- Default test -->
  </suite> <!-- Default suite -->
</testng-results>
